<?xml version="1.0" encoding="UTF-8"?>
<testng-results ignored="0" total="1" passed="1" failed="0" skipped="0">
  <reporter-output>
  </reporter-output>
  <suite started-at="2019-08-22T04:04:02Z" name="Default suite" finished-at="2019-08-22T04:04:46Z" duration-ms="44220">
    <groups>
    </groups>
    <test started-at="2019-08-22T04:04:02Z" name="Default test" finished-at="2019-08-22T04:04:46Z" duration-ms="44220">
      <class name="redbus.Busbooking">
        <test-method signature="book()[pri:0, instance:redbus.Busbooking@436a4e4b]" started-at="2019-08-22T04:04:02Z" name="book" finished-at="2019-08-22T04:04:46Z" duration-ms="44132" status="PASS">
          <reporter-output>
          </reporter-output>
        </test-method> <!-- book -->
      </class> <!-- redbus.Busbooking -->
    </test> <!-- Default test -->
  </suite> <!-- Default suite -->
</testng-results>
