<?xml version="1.0" encoding="UTF-8"?>
<testng-results ignored="0" total="1" passed="1" failed="0" skipped="0">
  <reporter-output>
  </reporter-output>
  <suite started-at="2019-08-20T05:38:58Z" name="Default suite" finished-at="2019-08-20T05:39:51Z" duration-ms="53301">
    <groups>
    </groups>
    <test started-at="2019-08-20T05:38:58Z" name="Default test" finished-at="2019-08-20T05:39:51Z" duration-ms="53301">
      <class name="bluestoneapp.Bluestone_screenshot">
        <test-method signature="run()[pri:0, instance:bluestoneapp.Bluestone_screenshot@436a4e4b]" started-at="2019-08-20T05:38:58Z" name="run" finished-at="2019-08-20T05:39:51Z" duration-ms="53161" status="PASS">
          <reporter-output>
          </reporter-output>
        </test-method> <!-- run -->
      </class> <!-- bluestoneapp.Bluestone_screenshot -->
    </test> <!-- Default test -->
  </suite> <!-- Default suite -->
</testng-results>
